2024-02-12 00:30:12,440 INFO: Created directory: C:\Users\hp\Desktop\Python-Automation\Code Python\Code Python
2024-02-12 00:30:12,441 INFO: Moved from 'C:\Users\hp\Desktop\Python-Automation\Code Python\image_resize.py' to 'C:\Users\hp\Desktop\Python-Automation\Code Python\Code Python\image_resize_2024-02-12_00-30-12.py'
2024-02-12 00:30:12,441 INFO: Created directory: C:\Users\hp\Desktop\Python-Automation\Code Python\Code Python
2024-02-12 00:30:12,442 INFO: Moved from 'C:\Users\hp\Desktop\Python-Automation\Code Python\organized-directory.py' to 'C:\Users\hp\Desktop\Python-Automation\Code Python\Code Python\organized-directory_2024-02-12_00-30-12.py'
2024-02-12 00:30:12,443 INFO: Created directory: C:\Users\hp\Desktop\Python-Automation\Code Python\Documents
2024-02-12 00:30:12,444 INFO: Moved from 'C:\Users\hp\Desktop\Python-Automation\Code Python\Reminder to Drink Water.txt' to 'C:\Users\hp\Desktop\Python-Automation\Code Python\Documents\Reminder to Drink Water_2024-02-12_00-30-12.txt'
2024-02-12 00:30:12,444 INFO: Created directory: C:\Users\hp\Desktop\Python-Automation\Code Python\Code Python
2024-02-12 00:30:12,446 INFO: Moved from 'C:\Users\hp\Desktop\Python-Automation\Code Python\text-to-speech.py' to 'C:\Users\hp\Desktop\Python-Automation\Code Python\Code Python\text-to-speech_2024-02-12_00-30-12.py'
2024-02-12 00:30:12,446 INFO: Created directory: C:\Users\hp\Desktop\Python-Automation\Code Python\Code Python
2024-02-12 00:30:12,447 INFO: Moved from 'C:\Users\hp\Desktop\Python-Automation\Code Python\water_reminder.py' to 'C:\Users\hp\Desktop\Python-Automation\Code Python\Code Python\water_reminder_2024-02-12_00-30-12.py'
2024-02-12 00:50:36,274 INFO: Created directory: C:\Users\hp\Desktop\Python-Automation\Code Python\Code Python\Code Python
2024-02-12 00:50:36,291 INFO: Moved from 'C:\Users\hp\Desktop\Python-Automation\Code Python\Code Python\image_resize_2024-02-12_00-30-12.py' to 'C:\Users\hp\Desktop\Python-Automation\Code Python\Code Python\Code Python\image_resize_2024-02-12_00-30-12_2024-02-12_00-50-36.py'
2024-02-12 00:50:36,292 INFO: Created directory: C:\Users\hp\Desktop\Python-Automation\Code Python\Code Python\Code Python
2024-02-12 00:50:36,293 INFO: Moved from 'C:\Users\hp\Desktop\Python-Automation\Code Python\Code Python\organized-directory_2024-02-12_00-30-12.py' to 'C:\Users\hp\Desktop\Python-Automation\Code Python\Code Python\Code Python\organized-directory_2024-02-12_00-30-12_2024-02-12_00-50-36.py'
2024-02-12 00:50:36,294 INFO: Created directory: C:\Users\hp\Desktop\Python-Automation\Code Python\Code Python\Code Python
2024-02-12 00:50:36,295 INFO: Moved from 'C:\Users\hp\Desktop\Python-Automation\Code Python\Code Python\text-to-speech_2024-02-12_00-30-12.py' to 'C:\Users\hp\Desktop\Python-Automation\Code Python\Code Python\Code Python\text-to-speech_2024-02-12_00-30-12_2024-02-12_00-50-36.py'
2024-02-12 00:50:36,295 INFO: Created directory: C:\Users\hp\Desktop\Python-Automation\Code Python\Code Python\Code Python
2024-02-12 00:50:36,296 INFO: Moved from 'C:\Users\hp\Desktop\Python-Automation\Code Python\Code Python\water_reminder_2024-02-12_00-30-12.py' to 'C:\Users\hp\Desktop\Python-Automation\Code Python\Code Python\Code Python\water_reminder_2024-02-12_00-30-12_2024-02-12_00-50-36.py'
2024-03-27 20:49:55,797 INFO: Moved from 'C:\Users\hp\Desktop\Python-Automation\Code Python\Code Python\Code Python\image_resize.py' to 'C:\Users\hp\Desktop\Python-Automation\Code Python\Code Python\Code Python\Code Python\image_resize.py'
2024-03-27 20:49:55,809 INFO: Moved from 'C:\Users\hp\Desktop\Python-Automation\Code Python\Code Python\Code Python\organized-directory.py' to 'C:\Users\hp\Desktop\Python-Automation\Code Python\Code Python\Code Python\Code Python\organized-directory.py'
2024-03-27 20:49:55,813 INFO: Moved from 'C:\Users\hp\Desktop\Python-Automation\Code Python\Code Python\Code Python\text-to-speech.py' to 'C:\Users\hp\Desktop\Python-Automation\Code Python\Code Python\Code Python\Code Python\text-to-speech.py'
2024-03-27 20:49:55,815 INFO: Moved from 'C:\Users\hp\Desktop\Python-Automation\Code Python\Code Python\Code Python\water_reminder.py' to 'C:\Users\hp\Desktop\Python-Automation\Code Python\Code Python\Code Python\Code Python\water_reminder.py'
2024-03-27 21:07:16,266 INFO: Moved from 'C:\Users\hp\Desktop\Python-Automation\Code Python\Code Python\Code Python\Code Python\image_resize.py' to 'C:\Users\hp\Desktop\Python-Automation\Code Python\Code Python\Code Python\Code Python\Code Python\image_resize.py'
2024-03-27 21:07:16,268 INFO: Moved from 'C:\Users\hp\Desktop\Python-Automation\Code Python\Code Python\Code Python\Code Python\organized-directory.py' to 'C:\Users\hp\Desktop\Python-Automation\Code Python\Code Python\Code Python\Code Python\Code Python\organized-directory.py'
2024-03-27 21:07:16,270 INFO: Moved from 'C:\Users\hp\Desktop\Python-Automation\Code Python\Code Python\Code Python\Code Python\text-to-speech.py' to 'C:\Users\hp\Desktop\Python-Automation\Code Python\Code Python\Code Python\Code Python\Code Python\text-to-speech.py'
2024-03-27 21:07:16,271 INFO: Moved from 'C:\Users\hp\Desktop\Python-Automation\Code Python\Code Python\Code Python\Code Python\water_reminder.py' to 'C:\Users\hp\Desktop\Python-Automation\Code Python\Code Python\Code Python\Code Python\Code Python\water_reminder.py'
